
Inserted WP Form 8
Importing from XML https://websitedemos.net/wp-content/uploads/astra-sites/571/wxr.xml
{"post_title":"wxr.xml","guid":"https:\/\/www.kkobears.com\/wp-content\/uploads\/2022\/04\/wxr.xml","post_mime_type":"text\/xml"}
{"success":true,"data":{"file":"\/home\/kkobe697\/public_html\/wp-content\/uploads\/2022\/04\/wxr.xml","url":"https:\/\/www.kkobears.com\/wp-content\/uploads\/2022\/04\/wxr.xml","type":"text\/xml"}}
10
Inserted - Term 2 - {"term_id":2,"name":"Uncategorized","slug":"uncategorized","term_group":0,"term_taxonomy_id":2,"taxonomy":"category","description":"","parent":0,"count":0,"filter":"raw"}
Inserted - Term 3 - {"term_id":3,"name":"page","slug":"page","term_group":0,"term_taxonomy_id":3,"taxonomy":"elementor_library_type","description":"","parent":0,"count":0,"filter":"raw"}
Inserted - Term 4 - {"term_id":4,"name":"section","slug":"section","term_group":0,"term_taxonomy_id":4,"taxonomy":"elementor_library_type","description":"","parent":0,"count":0,"filter":"raw"}
Inserted - Term 5 - {"term_id":5,"name":"about us","slug":"about-us","term_group":0,"term_taxonomy_id":5,"taxonomy":"nav_menu","description":"","parent":0,"count":0,"filter":"raw"}
Inserted - Term 6 - {"term_id":6,"name":"connect","slug":"connect","term_group":0,"term_taxonomy_id":6,"taxonomy":"nav_menu","description":"","parent":0,"count":0,"filter":"raw"}
Inserted - Term 7 - {"term_id":7,"name":"Navigation","slug":"navigation","term_group":0,"term_taxonomy_id":7,"taxonomy":"nav_menu","description":"","parent":0,"count":0,"filter":"raw"}
Inserted - Post 11 - attachment - 1-4.png
Inserted - Post 12 - attachment - landscape-mountains-sky-4843193.jpg
Inserted - Post 13 - attachment - green-leafed-trees-during-fog-time-167684.jpg
Inserted - Post 14 - attachment - snowy-mountain-1287145.jpg
Inserted - Post 15 - attachment - photo-of-people-standing-on-top-of-mountain-near-grasses-733162.jpg
Inserted - Post 17 - attachment - fogs-on-green-mountain-1054222.jpg
Inserted - Post 18 - attachment - green-grass-field-and-mountain-1034887.jpg
Inserted - Post 19 - attachment - bird-s-eye-view-photography-of-green-forest-1208379.jpg
Inserted - Post 20 - attachment - mountain-and-lake-at-sunset-135157.jpg
Inserted - Post 38 - elementor_library - Default Kit
Inserted - Post 103 - attachment - customer1
Inserted - Post 104 - attachment - customer2
Inserted - Post 105 - attachment - customer3
Inserted - Post 108 - attachment - customer4
Inserted - Post 205 - attachment - logo1
Inserted - Post 206 - attachment - logo1@2x
Inserted - Post 207 - attachment - logo1-dark
Inserted - Post 208 - attachment - logo1-dark@2x
Inserted - Post 209 - attachment - favicon
Inserted - Post 212 - attachment - demo-screenshot
Inserted - Post 30 - page - Home
Inserted - Post 31 - page - About
Inserted - Post 32 - page - Services
Inserted - Post 33 - page - Contact
Inserted - Post 44 - nav_menu_item - 
Inserted - Post 45 - nav_menu_item - 
Inserted - Post 46 - nav_menu_item - 
Inserted - Post 227 - nav_menu_item - 
Inserted - Post 286 - nav_menu_item - Company Profile
Inserted - Post 287 - nav_menu_item - CSR Initiatives
Inserted - Post 288 - nav_menu_item - Read Articles
Inserted - Post 289 - nav_menu_item - Media Kit
Inserted - Post 290 - nav_menu_item - Employee Portal
Inserted - Post 291 - nav_menu_item - Customer Portal
Inserted - Post 292 - nav_menu_item - Offices
Inserted - Post 293 - nav_menu_item - Know More
Imported - Site Options {"woocommerce_product_attributes":[],"woocommerce_product_cat_list":[],"woocommerce_product_cat":[],"custom_logo":"https:\/\/websitedemos.net\/mountain\/wp-content\/uploads\/sites\/571\/2020\/04\/logo1.png","nav_menu_locations":{"primary":"navigation"},"show_on_front":"page","page_on_front":"Home","page_for_posts":"","_fl_builder_enabled_icons":null,"_fl_builder_enabled_modules":null,"_fl_builder_post_types":null,"_fl_builder_color_presets":null,"_fl_builder_services":null,"_fl_builder_settings":null,"_fl_builder_user_access":null,"_fl_builder_enabled_templates":null,"elementor_container_width":"","elementor_cpt_support":["post","page"],"elementor_css_print_method":"external","elementor_default_generic_fonts":"Sans-serif","elementor_disable_color_schemes":"yes","elementor_disable_typography_schemes":"yes","elementor_editor_break_lines":"","elementor_exclude_user_roles":null,"elementor_global_image_lightbox":"yes","elementor_page_title_selector":"","elementor_scheme_color":{"1":"#6ec1e4","2":"#54595f","3":"#7a7a7a","4":"#61ce70"},"elementor_scheme_color-picker]":{"1":"#6ec1e4","2":"#54595f","3":"#7a7a7a","4":"#61ce70","5":"#4054b2","6":"#23a455","7":"#000","8":"#fff","9":"#1A6C7A"},"elementor_scheme_typography":{"1":{"font_family":"Roboto","font_weight":"600"},"2":{"font_family":"Roboto Slab","font_weight":"400"},"3":{"font_family":"Roboto","font_weight":"400"},"4":{"font_family":"Roboto","font_weight":"500"}},"elementor_space_between_widgets":"","elementor_stretched_section_container":"","elementor_load_fa4_shim":"","elementor_active_kit":"38","woocommerce_shop_page_title":"","woocommerce_cart_page_title":"","woocommerce_checkout_page_title":"","woocommerce_myaccount_page_title":"","woocommerce_edit_address_page_title":"","woocommerce_view_order_page_title":"","woocommerce_change_password_page_title":"","woocommerce_logout_page_title":"","woocommerce_enable_guest_checkout":null,"woocommerce_enable_checkout_login_reminder":null,"woocommerce_enable_signup_and_login_from_checkout":"no","woocommerce_enable_myaccount_registration":"no","woocommerce_registration_generate_username":"no","wpforms_settings":{"disable-css":"2","global-assets":false,"gdpr":false},"learndash_settings_theme_ld30":null,"learndash_settings_courses_themes":null,"astra-color-palettes":{"currentPalette":"palette_1","palettes":{"palette_1":["#1a6c7a","#153243","#000f2b","#3a3a3a","#f3f9fb","#ffffff","#153243","#f3f9fb","#BFD1FF"],"palette_2":["#0274be","#3a3a3a","#3a3a3a","#4B4F58","#F5F5F5","#FFFFFF","#153243","#f3f9fb","#000000"],"palette_3":["#0274be","#3a3a3a","#3a3a3a","#4B4F58","#F5F5F5","#FFFFFF","#153243","#f3f9fb","#000000"]},"flag":false},"astra-typography-presets":""}
Source - https://websitedemos.net/mountain/wp-content/uploads/sites/571/2020/04/logo1.png
Log - {"id":"205","url":"https:\/\/www.kkobears.com\/wp-content\/uploads\/2020\/04\/logo1.png"}
Inserted - Post 205 - attachment - logo1
Imported - Widgets {"wp_inactive_widgets":["media_image-1","text-1"],"sidebar-1":["block-2","block-3","block-4","block-5","block-6","search-1","recent-posts-1","recent-comments-1","archives-1","categories-1","meta-1"],"header-widget":[],"footer-widget-1":["nav_menu-1"],"footer-widget-2":["nav_menu-2"],"advanced-footer-widget-1":[],"advanced-footer-widget-2":[],"advanced-footer-widget-3":[],"advanced-footer-widget-4":[],"array_version":3}
Deleted Temporary WXR file 10
Option `astra_sites_imported_wxr_id` Deleted.
Batch Process Started..
Starter Templates - Importing Images for Blog name 'KoBears' (1)
---- Processing Images from Widgets -----
Source - https://websitedemos.net/mountain/wp-content/uploads/sites/571/2020/04/logo1-dark.png
Log - {"id":"207","url":"https:\/\/www.kkobears.com\/wp-content\/uploads\/2020\/04\/logo1-dark.png"}
---- Processing Contact Form Mapping from Text Widgets -----
---- Processing Contact Form Mapping from WP Forms Widgets -----
---- Processing WordPress Posts / Pages - for "Gutenberg" ----
---- Processing MISC ----
Post ID: 293
Post ID: 290
Post ID: 291
Post ID: 292
Post ID: 286
Post ID: 287
Post ID: 288
Post ID: 289
Post ID: 227
Post ID: 44
---- Processing Images Metadata ----
---- Processing Images Metadata Completed ----
---- Processing batch process for Customizer start ----
---- Processing batch process for Customizer done ----
Batch Process Complete!